app/build/intermediates/manifest_merge_blame_file/debug/processDebugMainManifest/manifest-merger-blame-debug-report.txt
1<?xml version="1.0" encoding="utf-8"?>
2<manifest xmlns:android="http://schemas.android.com/apk/res/android"
3    package="com.athallah.hybridfit"
4    android:versionCode="1"
5    android:versionName="1.0" >
6
7    <uses-sdk
8        android:minSdkVersion="26"
9        android:targetSdkVersion="34" />
10
11    <uses-permission android:name="android.permission.INTERNET" />
11-->src\main\AndroidManifest.xml:4:5-67
11-->src\main\AndroidManifest.xml:4:22-64
12
13    <permission
13-->[androidx.core:core:1.13.1] AndroidManifest.xml:22:5-24:47
14        android:name="com.athallah.hybridfit.DYNAMIC_RECEIVER_NOT_EXPORTED_PERMISSION"
14-->[androidx.core:core:1.13.1] AndroidManifest.xml:23:9-81
15        android:protectionLevel="signature" />
15-->[androidx.core:core:1.13.1] AndroidManifest.xml:24:9-44
16
17    <uses-permission android:name="com.athallah.hybridfit.DYNAMIC_RECEIVER_NOT_EXPORTED_PERMISSION" />
17-->[androidx.core:core:1.13.1] AndroidManifest.xml:26:5-97
17-->[androidx.core:core:1.13.1] AndroidManifest.xml:26:22-94
18
19    <application
19-->src\main\AndroidManifest.xml:6:5-25:19
20        android:name="com.athallah.hybridfit.HybridFitApplication"
20-->src\main\AndroidManifest.xml:7:9-45
21        android:allowBackup="true"
21-->src\main\AndroidManifest.xml:8:9-35
22        android:appComponentFactory="androidx.core.app.CoreComponentFactory"
22-->[androidx.core:core:1.13.1] AndroidManifest.xml:28:18-86
23        android:dataExtractionRules="@xml/data_extraction_rules"
23-->src\main\AndroidManifest.xml:9:9-65
24        android:debuggable="true"
25        android:extractNativeLibs="false"
26        android:fullBackupContent="@xml/backup_rules"
26-->src\main\AndroidManifest.xml:10:9-54
27        android:icon="@mipmap/ic_launcher"
27-->src\main\AndroidManifest.xml:11:9-43
28        android:label="@string/app_name"
28-->src\main\AndroidManifest.xml:12:9-41
29        android:roundIcon="@mipmap/ic_launcher_round"
29-->src\main\AndroidManifest.xml:13:9-54
30        android:supportsRtl="true"
30-->src\main\AndroidManifest.xml:14:9-35
31        android:testOnly="true"
32        android:theme="@style/Theme.HybridFit"
32-->src\main\AndroidManifest.xml:16:9-47
33        android:usesCleartextTraffic="true" >
33-->src\main\AndroidManifest.xml:15:9-44
34        <activity
34-->src\main\AndroidManifest.xml:17:9-24:20
35            android:name="com.athallah.hybridfit.MainActivity"
35-->src\main\AndroidManifest.xml:17:19-47
36            android:exported="true" >
36-->src\main\AndroidManifest.xml:18:13-36
37            <intent-filter>
37-->src\main\AndroidManifest.xml:19:13-23:29
38                <action android:name="android.intent.action.MAIN" />
38-->src\main\AndroidManifest.xml:20:17-69
38-->src\main\AndroidManifest.xml:20:25-66
39
40                <category android:name="android.intent.category.LAUNCHER" />
40-->src\main\AndroidManifest.xml:22:17-77
40-->src\main\AndroidManifest.xml:22:27-74
41            </intent-filter>
42        </activity>
43        <activity
43-->[androidx.compose.ui:ui-tooling-android:1.6.8] AndroidManifest.xml:23:9-25:39
44            android:name="androidx.compose.ui.tooling.PreviewActivity"
44-->[androidx.compose.ui:ui-tooling-android:1.6.8] AndroidManifest.xml:24:13-71
45            android:exported="true" />
45-->[androidx.compose.ui:ui-tooling-android:1.6.8] AndroidManifest.xml:25:13-36
46        <activity
46-->[androidx.compose.ui:ui-test-manifest:1.6.8] AndroidManifest.xml:23:9-25:39
47            android:name="androidx.activity.ComponentActivity"
47-->[androidx.compose.ui:ui-test-manifest:1.6.8] AndroidManifest.xml:24:13-63
48            android:exported="true" />
48-->[androidx.compose.ui:ui-test-manifest:1.6.8] AndroidManifest.xml:25:13-36
49        <activity
49-->[com.google.android.gms:play-services-auth:21.1.1] AndroidManifest.xml:23:9-27:75
50            android:name="com.google.android.gms.auth.api.signin.internal.SignInHubActivity"
50-->[com.google.android.gms:play-services-auth:21.1.1] AndroidManifest.xml:24:13-93
51            android:excludeFromRecents="true"
51-->[com.google.android.gms:play-services-auth:21.1.1] AndroidManifest.xml:25:13-46
52            android:exported="false"
52-->[com.google.android.gms:play-services-auth:21.1.1] AndroidManifest.xml:26:13-37
53            android:theme="@android:style/Theme.Translucent.NoTitleBar" />
53-->[com.google.android.gms:play-services-auth:21.1.1] AndroidManifest.xml:27:13-72
54        <!--
55            Service handling Google Sign-In user revocation. For apps that do not integrate with
56            Google Sign-In, this service will never be started.
57        -->
58        <service
58-->[com.google.android.gms:play-services-auth:21.1.1] AndroidManifest.xml:33:9-37:51
59            android:name="com.google.android.gms.auth.api.signin.RevocationBoundService"
59-->[com.google.android.gms:play-services-auth:21.1.1] AndroidManifest.xml:34:13-89
60            android:exported="true"
60-->[com.google.android.gms:play-services-auth:21.1.1] AndroidManifest.xml:35:13-36
61            android:permission="com.google.android.gms.auth.api.signin.permission.REVOCATION_NOTIFICATION"
61-->[com.google.android.gms:play-services-auth:21.1.1] AndroidManifest.xml:36:13-107
62            android:visibleToInstantApps="true" />
62-->[com.google.android.gms:play-services-auth:21.1.1] AndroidManifest.xml:37:13-48
63
64        <activity
64-->[com.google.android.gms:play-services-base:18.3.0] AndroidManifest.xml:20:9-22:45
65            android:name="com.google.android.gms.common.api.GoogleApiActivity"
65-->[com.google.android.gms:play-services-base:18.3.0] AndroidManifest.xml:20:19-85
66            android:exported="false"
66-->[com.google.android.gms:play-services-base:18.3.0] AndroidManifest.xml:22:19-43
67            android:theme="@android:style/Theme.Translucent.NoTitleBar" />
67-->[com.google.android.gms:play-services-base:18.3.0] AndroidManifest.xml:21:19-78
68
69        <meta-data
69-->[com.google.android.gms:play-services-basement:18.3.0] AndroidManifest.xml:21:9-23:69
70            android:name="com.google.android.gms.version"
70-->[com.google.android.gms:play-services-basement:18.3.0] AndroidManifest.xml:22:13-58
71            android:value="@integer/google_play_services_version" />
71-->[com.google.android.gms:play-services-basement:18.3.0] AndroidManifest.xml:23:13-66
72
73        <provider
73-->[androidx.emoji2:emoji2:1.3.0] AndroidManifest.xml:24:9-32:20
74            android:name="androidx.startup.InitializationProvider"
74-->[androidx.emoji2:emoji2:1.3.0] AndroidManifest.xml:25:13-67
75            android:authorities="com.athallah.hybridfit.androidx-startup"
75-->[androidx.emoji2:emoji2:1.3.0] AndroidManifest.xml:26:13-68
76            android:exported="false" >
76-->[androidx.emoji2:emoji2:1.3.0] AndroidManifest.xml:27:13-37
77            <meta-data
77-->[androidx.emoji2:emoji2:1.3.0] AndroidManifest.xml:29:13-31:52
78                android:name="androidx.emoji2.text.EmojiCompatInitializer"
78-->[androidx.emoji2:emoji2:1.3.0] AndroidManifest.xml:30:17-75
79                android:value="androidx.startup" />
79-->[androidx.emoji2:emoji2:1.3.0] AndroidManifest.xml:31:17-49
80            <meta-data
80-->[androidx.lifecycle:lifecycle-process:2.8.3] AndroidManifest.xml:29:13-31:52
81                android:name="androidx.lifecycle.ProcessLifecycleInitializer"
81-->[androidx.lifecycle:lifecycle-process:2.8.3] AndroidManifest.xml:30:17-78
82                android:value="androidx.startup" />
82-->[androidx.lifecycle:lifecycle-process:2.8.3] AndroidManifest.xml:31:17-49
83            <meta-data
83-->[androidx.profileinstaller:profileinstaller:1.3.1] AndroidManifest.xml:29:13-31:52
84                android:name="androidx.profileinstaller.ProfileInstallerInitializer"
84-->[androidx.profileinstaller:profileinstaller:1.3.1] AndroidManifest.xml:30:17-85
85                android:value="androidx.startup" />
85-->[androidx.profileinstaller:profileinstaller:1.3.1] AndroidManifest.xml:31:17-49
86        </provider>
87
88        <service
88-->[androidx.room:room-runtime:2.6.1] AndroidManifest.xml:24:9-28:63
89            android:name="androidx.room.MultiInstanceInvalidationService"
89-->[androidx.room:room-runtime:2.6.1] AndroidManifest.xml:25:13-74
90            android:directBootAware="true"
90-->[androidx.room:room-runtime:2.6.1] AndroidManifest.xml:26:13-43
91            android:exported="false" />
91-->[androidx.room:room-runtime:2.6.1] AndroidManifest.xml:27:13-37
92
93        <receiver
93-->[androidx.profileinstaller:profileinstaller:1.3.1] AndroidManifest.xml:34:9-52:20
94            android:name="androidx.profileinstaller.ProfileInstallReceiver"
94-->[androidx.profileinstaller:profileinstaller:1.3.1] AndroidManifest.xml:35:13-76
95            android:directBootAware="false"
95-->[androidx.profileinstaller:profileinstaller:1.3.1] AndroidManifest.xml:36:13-44
96            android:enabled="true"
96-->[androidx.profileinstaller:profileinstaller:1.3.1] AndroidManifest.xml:37:13-35
97            android:exported="true"
97-->[androidx.profileinstaller:profileinstaller:1.3.1] AndroidManifest.xml:38:13-36
98            android:permission="android.permission.DUMP" >
98-->[androidx.profileinstaller:profileinstaller:1.3.1] AndroidManifest.xml:39:13-57
99            <intent-filter>
99-->[androidx.profileinstaller:profileinstaller:1.3.1] AndroidManifest.xml:40:13-42:29
100                <action android:name="androidx.profileinstaller.action.INSTALL_PROFILE" />
100-->[androidx.profileinstaller:profileinstaller:1.3.1] AndroidManifest.xml:41:17-91
100-->[androidx.profileinstaller:profileinstaller:1.3.1] AndroidManifest.xml:41:25-88
101            </intent-filter>
102            <intent-filter>
102-->[androidx.profileinstaller:profileinstaller:1.3.1] AndroidManifest.xml:43:13-45:29
103                <action android:name="androidx.profileinstaller.action.SKIP_FILE" />
103-->[androidx.profileinstaller:profileinstaller:1.3.1] AndroidManifest.xml:44:17-85
103-->[androidx.profileinstaller:profileinstaller:1.3.1] AndroidManifest.xml:44:25-82
104            </intent-filter>
105            <intent-filter>
105-->[androidx.profileinstaller:profileinstaller:1.3.1] AndroidManifest.xml:46:13-48:29
106                <action android:name="androidx.profileinstaller.action.SAVE_PROFILE" />
106-->[androidx.profileinstaller:profileinstaller:1.3.1] AndroidManifest.xml:47:17-88
106-->[androidx.profileinstaller:profileinstaller:1.3.1] AndroidManifest.xml:47:25-85
107            </intent-filter>
108            <intent-filter>
108-->[androidx.profileinstaller:profileinstaller:1.3.1] AndroidManifest.xml:49:13-51:29
109                <action android:name="androidx.profileinstaller.action.BENCHMARK_OPERATION" />
109-->[androidx.profileinstaller:profileinstaller:1.3.1] AndroidManifest.xml:50:17-95
109-->[androidx.profileinstaller:profileinstaller:1.3.1] AndroidManifest.xml:50:25-92
110            </intent-filter>
111        </receiver>
112    </application>
113
114</manifest>